<?xml version="1.0" encoding="UTF-8"?>
<!-- Generated by org.testng.reporters.JUnitReportReporter -->
<testsuite hostname="YUSLIN-YJPLW" name="AppiumTest.NewTest" tests="4" failures="0" timestamp="9 Mar 2018 01:16:09 GMT" time="29.791" errors="0">
  <testcase name="test1" time="0.260" classname="AppiumTest.NewTest"/>
  <testcase name="test2" time="2.257" classname="AppiumTest.NewTest"/>
  <testcase name="test3" time="2.234" classname="AppiumTest.NewTest"/>
  <testcase name="test4" time="25.040" classname="AppiumTest.NewTest"/>
</testsuite> <!-- AppiumTest.NewTest -->
