<?xml version="1.0" encoding="UTF-8"?>
<!-- Generated by org.testng.reporters.JUnitReportReporter -->
<testsuite hostname="YUSLIN-YJPLW" name="AppiumTest.NewTest" tests="4" failures="0" timestamp="9 Mar 2018 01:02:01 GMT" time="30.035" errors="0">
  <testcase name="test3" time="2.226" classname="AppiumTest.NewTest"/>
  <testcase name="test1" time="0.221" classname="AppiumTest.NewTest"/>
  <testcase name="test2" time="2.309" classname="AppiumTest.NewTest"/>
  <testcase name="test4" time="25.279" classname="AppiumTest.NewTest"/>
</testsuite> <!-- AppiumTest.NewTest -->
